<?xml version="1.0" encoding="UTF-8"?>
<testsuite name="com.jojoldu.book.springboot.domain.posts.posts.PostsRepositoryTest" tests="2" skipped="0" failures="0" errors="0" timestamp="2021-01-04T16:57:54" hostname="DESKTOP-CQ5KKE8" time="0.179">
  <properties/>
  <testcase name="게시글저장_불러오기" classname="com.jojoldu.book.springboot.domain.posts.posts.PostsRepositoryTest" time="0.17"/>
  <testcase name="BaseTimeEntity_등록" classname="com.jojoldu.book.springboot.domain.posts.posts.PostsRepositoryTest" time="0.009"/>
  <system-out><![CDATA[2021-01-05 01:57:50.682  INFO 23772 --- [    Test worker] .b.t.c.SpringBootTestContextBootstrapper : Neither @ContextConfiguration nor @ContextHierarchy found for test class [com.jojoldu.book.springboot.domain.posts.posts.PostsRepositoryTest], using SpringBootContextLoader
2021-01-05 01:57:50.683  INFO 23772 --- [    Test worker] o.s.t.c.support.AbstractContextLoader    : Could not detect default resource locations for test class [com.jojoldu.book.springboot.domain.posts.posts.PostsRepositoryTest]: no resource found for suffixes {-context.xml, Context.groovy}.
2021-01-05 01:57:50.683  INFO 23772 --- [    Test worker] t.c.s.AnnotationConfigContextLoaderUtils : Could not detect default configuration classes for test class [com.jojoldu.book.springboot.domain.posts.posts.PostsRepositoryTest]: PostsRepositoryTest does not declare any static, non-private, non-final, nested classes annotated with @Configuration.
2021-01-05 01:57:50.696  INFO 23772 --- [    Test worker] .b.t.c.SpringBootTestContextBootstrapper : Found @SpringBootConfiguration com.jojoldu.book.springboot.Application for test class com.jojoldu.book.springboot.domain.posts.posts.PostsRepositoryTest
2021-01-05 01:57:50.698  INFO 23772 --- [    Test worker] .b.t.c.SpringBootTestContextBootstrapper : Loaded default TestExecutionListener class names from location [META-INF/spring.factories]: [org.springframework.security.test.context.support.WithSecurityContextTestExecutionListener, org.springframework.security.test.context.support.ReactorContextTestExecutionListener, org.springframework.boot.test.autoconfigure.restdocs.RestDocsTestExecutionListener, org.springframework.boot.test.autoconfigure.web.client.MockRestServiceServerResetTestExecutionListener, org.springframework.boot.test.autoconfigure.web.servlet.MockMvcPrintOnlyOnFailureTestExecutionListener, org.springframework.boot.test.autoconfigure.web.servlet.WebDriverTestExecutionListener, org.springframework.boot.test.mock.mockito.MockitoTestExecutionListener, org.springframework.boot.test.mock.mockito.ResetMocksTestExecutionListener, org.springframework.test.context.web.ServletTestExecutionListener, org.springframework.test.context.support.DirtiesContextBeforeModesTestExecutionListener, org.springframework.test.context.support.DependencyInjectionTestExecutionListener, org.springframework.test.context.support.DirtiesContextTestExecutionListener, org.springframework.test.context.transaction.TransactionalTestExecutionListener, org.springframework.test.context.jdbc.SqlScriptsTestExecutionListener]
2021-01-05 01:57:50.699  INFO 23772 --- [    Test worker] .b.t.c.SpringBootTestContextBootstrapper : Using TestExecutionListeners: [org.springframework.test.context.web.ServletTestExecutionListener@7e3b92fa, org.springframework.test.context.support.DirtiesContextBeforeModesTestExecutionListener@7d074ebf, org.springframework.boot.test.mock.mockito.MockitoTestExecutionListener@27fdf5b6, org.springframework.boot.test.autoconfigure.SpringBootDependencyInjectionTestExecutionListener@5b44c8e5, org.springframework.test.context.support.DirtiesContextTestExecutionListener@794a2d35, org.springframework.test.context.transaction.TransactionalTestExecutionListener@3e7ff615, org.springframework.test.context.jdbc.SqlScriptsTestExecutionListener@76e7f429, org.springframework.security.test.context.support.WithSecurityContextTestExecutionListener@b9919f0, org.springframework.security.test.context.support.ReactorContextTestExecutionListener@2312be33, org.springframework.boot.test.autoconfigure.restdocs.RestDocsTestExecutionListener@629c3b1a, org.springframework.boot.test.autoconfigure.web.client.MockRestServiceServerResetTestExecutionListener@2b93dddc, org.springframework.boot.test.autoconfigure.web.servlet.MockMvcPrintOnlyOnFailureTestExecutionListener@680607c7, org.springframework.boot.test.autoconfigure.web.servlet.WebDriverTestExecutionListener@5ed3cfd2, org.springframework.boot.test.mock.mockito.ResetMocksTestExecutionListener@5d946bf9]

  .   ____          _            __ _ _
 /\\ / ___'_ __ _ _(_)_ __  __ _ \ \ \ \
( ( )\___ | '_ | '_| | '_ \/ _` | \ \ \ \
 \\/  ___)| |_)| | | | | || (_| |  ) ) ) )
  '  |____| .__|_| |_|_| |_\__, | / / / /
 =========|_|==============|___/=/_/_/_/
 :: Spring Boot ::        (v2.1.7.RELEASE)

2021-01-05 01:57:50.728  INFO 23772 --- [    Test worker] c.j.b.s.d.p.posts.PostsRepositoryTest    : Starting PostsRepositoryTest on DESKTOP-CQ5KKE8 with PID 23772 (started by 아띠 in C:\Users\won68\Documents\GitHub\freelec-springboot2-webservice)
2021-01-05 01:57:50.728  INFO 23772 --- [    Test worker] c.j.b.s.d.p.posts.PostsRepositoryTest    : No active profile set, falling back to default profiles: default
2021-01-05 01:57:51.123  INFO 23772 --- [    Test worker] .s.d.r.c.RepositoryConfigurationDelegate : Bootstrapping Spring Data repositories in DEFAULT mode.
2021-01-05 01:57:51.200  INFO 23772 --- [    Test worker] .s.d.r.c.RepositoryConfigurationDelegate : Finished Spring Data repository scanning in 69ms. Found 2 repository interfaces.
2021-01-05 01:57:51.448  INFO 23772 --- [    Test worker] trationDelegate$BeanPostProcessorChecker : Bean 'org.springframework.transaction.annotation.ProxyTransactionManagementConfiguration' of type [org.springframework.transaction.annotation.ProxyTransactionManagementConfiguration$$EnhancerBySpringCGLIB$$37da94c0] is not eligible for getting processed by all BeanPostProcessors (for example: not eligible for auto-proxying)
2021-01-05 01:57:51.604  INFO 23772 --- [    Test worker] com.zaxxer.hikari.HikariDataSource       : HikariPool-1 - Starting...
2021-01-05 01:57:51.785  INFO 23772 --- [    Test worker] com.zaxxer.hikari.HikariDataSource       : HikariPool-1 - Start completed.
2021-01-05 01:57:51.876  INFO 23772 --- [    Test worker] o.hibernate.jpa.internal.util.LogHelper  : HHH000204: Processing PersistenceUnitInfo [
	name: default
	...]
2021-01-05 01:57:51.960  INFO 23772 --- [    Test worker] org.hibernate.Version                    : HHH000412: Hibernate Core {5.3.10.Final}
2021-01-05 01:57:51.962  INFO 23772 --- [    Test worker] org.hibernate.cfg.Environment            : HHH000206: hibernate.properties not found
2021-01-05 01:57:52.033  INFO 23772 --- [    Test worker] o.hibernate.annotations.common.Version   : HCANN000001: Hibernate Commons Annotations {5.0.4.Final}
2021-01-05 01:57:52.211  INFO 23772 --- [    Test worker] org.hibernate.dialect.Dialect            : HHH000400: Using dialect: org.hibernate.dialect.MySQL5InnoDBDialect
Hibernate: drop table if exists posts
Hibernate: drop table if exists user
Hibernate: create table posts (id bigint not null auto_increment, created_date datetime, modified_date datetime, author varchar(255), content TEXT not null, title varchar(500) not null, primary key (id)) engine=InnoDB
Hibernate: create table user (id bigint not null auto_increment, created_date datetime, modified_date datetime, email varchar(255) not null, name varchar(255) not null, picture varchar(255), role varchar(255) not null, primary key (id)) engine=InnoDB
2021-01-05 01:57:52.808  INFO 23772 --- [    Test worker] o.h.t.schema.internal.SchemaCreatorImpl  : HHH000476: Executing import script 'org.hibernate.tool.schema.internal.exec.ScriptSourceInputNonExistentImpl@22a451dd'
2021-01-05 01:57:52.812  INFO 23772 --- [    Test worker] j.LocalContainerEntityManagerFactoryBean : Initialized JPA EntityManagerFactory for persistence unit 'default'
2021-01-05 01:57:53.309  INFO 23772 --- [    Test worker] o.h.h.i.QueryTranslatorFactoryInitiator  : HHH000397: Using ASTQueryTranslatorFactory
2021-01-05 01:57:53.620  INFO 23772 --- [    Test worker] o.s.s.web.DefaultSecurityFilterChain     : Creating filter chain: any request, [org.springframework.security.web.context.request.async.WebAsyncManagerIntegrationFilter@6526e950, org.springframework.security.web.context.SecurityContextPersistenceFilter@2708d71d, org.springframework.security.web.header.HeaderWriterFilter@33175e08, org.springframework.security.web.authentication.logout.LogoutFilter@38f7e7f0, org.springframework.security.oauth2.client.web.OAuth2AuthorizationRequestRedirectFilter@34686273, org.springframework.security.oauth2.client.web.OAuth2LoginAuthenticationFilter@6f5913dd, org.springframework.security.web.authentication.ui.DefaultLoginPageGeneratingFilter@592663f6, org.springframework.security.web.authentication.ui.DefaultLogoutPageGeneratingFilter@7cf50349, org.springframework.security.web.savedrequest.RequestCacheAwareFilter@329c23c1, org.springframework.security.web.servletapi.SecurityContextHolderAwareRequestFilter@3bf2dc84, org.springframework.security.web.authentication.AnonymousAuthenticationFilter@74830632, org.springframework.security.web.session.SessionManagementFilter@72420e92, org.springframework.security.web.access.ExceptionTranslationFilter@4d0b114c, org.springframework.security.web.access.intercept.FilterSecurityInterceptor@51678051]
2021-01-05 01:57:53.953  INFO 23772 --- [    Test worker] o.s.s.concurrent.ThreadPoolTaskExecutor  : Initializing ExecutorService 'applicationTaskExecutor'
2021-01-05 01:57:53.968  WARN 23772 --- [    Test worker] aWebConfiguration$JpaWebMvcConfiguration : spring.jpa.open-in-view is enabled by default. Therefore, database queries may be performed during view rendering. Explicitly configure spring.jpa.open-in-view to disable this warning
2021-01-05 01:57:53.998  INFO 23772 --- [    Test worker] o.s.b.a.w.s.WelcomePageHandlerMapping    : Adding welcome page template: index
2021-01-05 01:57:54.435  INFO 23772 --- [    Test worker] s.a.ScheduledAnnotationBeanPostProcessor : No TaskScheduler/ScheduledExecutorService bean found for scheduled processing
2021-01-05 01:57:54.443  INFO 23772 --- [    Test worker] c.j.b.s.d.p.posts.PostsRepositoryTest    : Started PostsRepositoryTest in 3.742 seconds (JVM running for 7.976)
Hibernate: insert into posts (created_date, modified_date, author, content, title) values (?, ?, ?, ?, ?)
Hibernate: select posts0_.id as id1_0_, posts0_.created_date as created_2_0_, posts0_.modified_date as modified3_0_, posts0_.author as author4_0_, posts0_.content as content5_0_, posts0_.title as title6_0_ from posts posts0_
Hibernate: select posts0_.id as id1_0_, posts0_.created_date as created_2_0_, posts0_.modified_date as modified3_0_, posts0_.author as author4_0_, posts0_.content as content5_0_, posts0_.title as title6_0_ from posts posts0_
Hibernate: delete from posts where id=?
Hibernate: insert into posts (created_date, modified_date, author, content, title) values (?, ?, ?, ?, ?)
Hibernate: select posts0_.id as id1_0_, posts0_.created_date as created_2_0_, posts0_.modified_date as modified3_0_, posts0_.author as author4_0_, posts0_.content as content5_0_, posts0_.title as title6_0_ from posts posts0_
>>>>>>>>>>>> createDate=2021-01-05T01:57:54.620251, modifiedDate=2021-01-05T01:57:54.620251
Hibernate: select posts0_.id as id1_0_, posts0_.created_date as created_2_0_, posts0_.modified_date as modified3_0_, posts0_.author as author4_0_, posts0_.content as content5_0_, posts0_.title as title6_0_ from posts posts0_
Hibernate: delete from posts where id=?
]]></system-out>
  <system-err><![CDATA[]]></system-err>
</testsuite>
