<?xml version="1.0" encoding="UTF-8"?>
<testsuite name="com.jojoldu.book.springboot.web.IndexControllerTest" tests="1" skipped="0" failures="0" errors="0" timestamp="2021-01-11T02:15:14" hostname="DESKTOP-CQ5KKE8" time="0.173">
  <properties/>
  <testcase name="메인페이지_로딩" classname="com.jojoldu.book.springboot.web.IndexControllerTest" time="0.173"/>
  <system-out><![CDATA[2021-01-11 11:15:12.175  INFO 17792 --- [    Test worker] .b.t.c.SpringBootTestContextBootstrapper : Neither @ContextConfiguration nor @ContextHierarchy found for test class [com.jojoldu.book.springboot.web.IndexControllerTest], using SpringBootContextLoader
2021-01-11 11:15:12.176  INFO 17792 --- [    Test worker] o.s.t.c.support.AbstractContextLoader    : Could not detect default resource locations for test class [com.jojoldu.book.springboot.web.IndexControllerTest]: no resource found for suffixes {-context.xml, Context.groovy}.
2021-01-11 11:15:12.177  INFO 17792 --- [    Test worker] t.c.s.AnnotationConfigContextLoaderUtils : Could not detect default configuration classes for test class [com.jojoldu.book.springboot.web.IndexControllerTest]: IndexControllerTest does not declare any static, non-private, non-final, nested classes annotated with @Configuration.
2021-01-11 11:15:12.178  INFO 17792 --- [    Test worker] .b.t.c.SpringBootTestContextBootstrapper : Found @SpringBootConfiguration com.jojoldu.book.springboot.Application for test class com.jojoldu.book.springboot.web.IndexControllerTest
2021-01-11 11:15:12.186  INFO 17792 --- [    Test worker] .b.t.c.SpringBootTestContextBootstrapper : Loaded default TestExecutionListener class names from location [META-INF/spring.factories]: [org.springframework.security.test.context.support.WithSecurityContextTestExecutionListener, org.springframework.security.test.context.support.ReactorContextTestExecutionListener, org.springframework.boot.test.autoconfigure.restdocs.RestDocsTestExecutionListener, org.springframework.boot.test.autoconfigure.web.client.MockRestServiceServerResetTestExecutionListener, org.springframework.boot.test.autoconfigure.web.servlet.MockMvcPrintOnlyOnFailureTestExecutionListener, org.springframework.boot.test.autoconfigure.web.servlet.WebDriverTestExecutionListener, org.springframework.boot.test.mock.mockito.MockitoTestExecutionListener, org.springframework.boot.test.mock.mockito.ResetMocksTestExecutionListener, org.springframework.test.context.web.ServletTestExecutionListener, org.springframework.test.context.support.DirtiesContextBeforeModesTestExecutionListener, org.springframework.test.context.support.DependencyInjectionTestExecutionListener, org.springframework.test.context.support.DirtiesContextTestExecutionListener, org.springframework.test.context.transaction.TransactionalTestExecutionListener, org.springframework.test.context.jdbc.SqlScriptsTestExecutionListener]
2021-01-11 11:15:12.187  INFO 17792 --- [    Test worker] .b.t.c.SpringBootTestContextBootstrapper : Using TestExecutionListeners: [org.springframework.test.context.web.ServletTestExecutionListener@1532e4c5, org.springframework.test.context.support.DirtiesContextBeforeModesTestExecutionListener@2320763a, org.springframework.boot.test.mock.mockito.MockitoTestExecutionListener@1be45bfd, org.springframework.boot.test.autoconfigure.SpringBootDependencyInjectionTestExecutionListener@4e1a9827, org.springframework.test.context.support.DirtiesContextTestExecutionListener@4c0c49ed, org.springframework.test.context.transaction.TransactionalTestExecutionListener@6cbd77f0, org.springframework.test.context.jdbc.SqlScriptsTestExecutionListener@553ff229, org.springframework.security.test.context.support.WithSecurityContextTestExecutionListener@4f7e9309, org.springframework.security.test.context.support.ReactorContextTestExecutionListener@6113f82a, org.springframework.boot.test.autoconfigure.restdocs.RestDocsTestExecutionListener@6696010f, org.springframework.boot.test.autoconfigure.web.client.MockRestServiceServerResetTestExecutionListener@4c12094e, org.springframework.boot.test.autoconfigure.web.servlet.MockMvcPrintOnlyOnFailureTestExecutionListener@774f2d1e, org.springframework.boot.test.autoconfigure.web.servlet.WebDriverTestExecutionListener@9635975, org.springframework.boot.test.mock.mockito.ResetMocksTestExecutionListener@5fabaf2f]

  .   ____          _            __ _ _
 /\\ / ___'_ __ _ _(_)_ __  __ _ \ \ \ \
( ( )\___ | '_ | '_| | '_ \/ _` | \ \ \ \
 \\/  ___)| |_)| | | | | || (_| |  ) ) ) )
  '  |____| .__|_| |_|_| |_\__, | / / / /
 =========|_|==============|___/=/_/_/_/
 :: Spring Boot ::        (v2.1.7.RELEASE)

2021-01-11 11:15:12.235  INFO 17792 --- [    Test worker] c.j.b.s.web.IndexControllerTest          : Starting IndexControllerTest on DESKTOP-CQ5KKE8 with PID 17792 (started by 아띠 in C:\Users\won68\Documents\GitHub\freelec-springboot2-webservice)
2021-01-11 11:15:12.236  INFO 17792 --- [    Test worker] c.j.b.s.web.IndexControllerTest          : No active profile set, falling back to default profiles: default
2021-01-11 11:15:12.468  INFO 17792 --- [    Test worker] .s.d.r.c.RepositoryConfigurationDelegate : Bootstrapping Spring Data repositories in DEFAULT mode.
2021-01-11 11:15:12.503  INFO 17792 --- [    Test worker] .s.d.r.c.RepositoryConfigurationDelegate : Finished Spring Data repository scanning in 30ms. Found 2 repository interfaces.
2021-01-11 11:15:12.604  INFO 17792 --- [    Test worker] trationDelegate$BeanPostProcessorChecker : Bean 'org.springframework.transaction.annotation.ProxyTransactionManagementConfiguration' of type [org.springframework.transaction.annotation.ProxyTransactionManagementConfiguration$$EnhancerBySpringCGLIB$$af957779] is not eligible for getting processed by all BeanPostProcessors (for example: not eligible for auto-proxying)
2021-01-11 11:15:12.844  INFO 17792 --- [    Test worker] o.s.b.w.embedded.tomcat.TomcatWebServer  : Tomcat initialized with port(s): 0 (http)
2021-01-11 11:15:12.874  INFO 17792 --- [    Test worker] o.apache.catalina.core.StandardService   : Starting service [Tomcat]
2021-01-11 11:15:12.874  INFO 17792 --- [    Test worker] org.apache.catalina.core.StandardEngine  : Starting Servlet engine: [Apache Tomcat/9.0.22]
2021-01-11 11:15:13.049  INFO 17792 --- [    Test worker] o.a.c.c.C.[Tomcat].[localhost].[/]       : Initializing Spring embedded WebApplicationContext
2021-01-11 11:15:13.050  INFO 17792 --- [    Test worker] o.s.web.context.ContextLoader            : Root WebApplicationContext: initialization completed in 811 ms
2021-01-11 11:15:13.269  INFO 17792 --- [    Test worker] com.zaxxer.hikari.HikariDataSource       : HikariPool-2 - Starting...
2021-01-11 11:15:13.270  INFO 17792 --- [    Test worker] com.zaxxer.hikari.HikariDataSource       : HikariPool-2 - Start completed.
2021-01-11 11:15:13.319  INFO 17792 --- [    Test worker] o.hibernate.jpa.internal.util.LogHelper  : HHH000204: Processing PersistenceUnitInfo [
	name: default
	...]
2021-01-11 11:15:13.338  INFO 17792 --- [    Test worker] org.hibernate.dialect.Dialect            : HHH000400: Using dialect: org.hibernate.dialect.MySQL5InnoDBDialect
Hibernate: drop table if exists posts
Hibernate: drop table if exists user
Hibernate: create table posts (id bigint not null auto_increment, created_date datetime, modified_date datetime, author varchar(255), content TEXT not null, title varchar(500) not null, primary key (id)) engine=InnoDB
Hibernate: create table user (id bigint not null auto_increment, created_date datetime, modified_date datetime, email varchar(255) not null, name varchar(255) not null, picture varchar(255), role varchar(255) not null, primary key (id)) engine=InnoDB
2021-01-11 11:15:13.394  INFO 17792 --- [    Test worker] o.h.t.schema.internal.SchemaCreatorImpl  : HHH000476: Executing import script 'org.hibernate.tool.schema.internal.exec.ScriptSourceInputNonExistentImpl@57ceb91c'
2021-01-11 11:15:13.394  INFO 17792 --- [    Test worker] j.LocalContainerEntityManagerFactoryBean : Initialized JPA EntityManagerFactory for persistence unit 'default'
2021-01-11 11:15:13.750  INFO 17792 --- [    Test worker] o.h.h.i.QueryTranslatorFactoryInitiator  : HHH000397: Using ASTQueryTranslatorFactory
2021-01-11 11:15:13.913  INFO 17792 --- [    Test worker] o.s.s.web.DefaultSecurityFilterChain     : Creating filter chain: any request, [org.springframework.security.web.context.request.async.WebAsyncManagerIntegrationFilter@19140f12, org.springframework.security.web.context.SecurityContextPersistenceFilter@16e77849, org.springframework.security.web.header.HeaderWriterFilter@57ef3af0, org.springframework.security.web.authentication.logout.LogoutFilter@64aa8748, org.springframework.security.oauth2.client.web.OAuth2AuthorizationRequestRedirectFilter@6addb70b, org.springframework.security.oauth2.client.web.OAuth2LoginAuthenticationFilter@80b3632, org.springframework.security.web.authentication.ui.DefaultLoginPageGeneratingFilter@49228b15, org.springframework.security.web.authentication.ui.DefaultLogoutPageGeneratingFilter@264c5f83, org.springframework.security.web.savedrequest.RequestCacheAwareFilter@63f3e2e3, org.springframework.security.web.servletapi.SecurityContextHolderAwareRequestFilter@4de57cd7, org.springframework.security.web.authentication.AnonymousAuthenticationFilter@212ed1ae, org.springframework.security.web.session.SessionManagementFilter@4969b553, org.springframework.security.web.access.ExceptionTranslationFilter@1ded119f, org.springframework.security.web.access.intercept.FilterSecurityInterceptor@7071c17]
2021-01-11 11:15:14.104  INFO 17792 --- [    Test worker] o.s.s.concurrent.ThreadPoolTaskExecutor  : Initializing ExecutorService 'applicationTaskExecutor'
2021-01-11 11:15:14.117  WARN 17792 --- [    Test worker] aWebConfiguration$JpaWebMvcConfiguration : spring.jpa.open-in-view is enabled by default. Therefore, database queries may be performed during view rendering. Explicitly configure spring.jpa.open-in-view to disable this warning
2021-01-11 11:15:14.144  INFO 17792 --- [    Test worker] o.s.b.a.w.s.WelcomePageHandlerMapping    : Adding welcome page template: index
2021-01-11 11:15:14.417  INFO 17792 --- [    Test worker] s.a.ScheduledAnnotationBeanPostProcessor : No TaskScheduler/ScheduledExecutorService bean found for scheduled processing
2021-01-11 11:15:14.436  INFO 17792 --- [    Test worker] o.s.b.w.embedded.tomcat.TomcatWebServer  : Tomcat started on port(s): 2807 (http) with context path ''
2021-01-11 11:15:14.437  INFO 17792 --- [    Test worker] c.j.b.s.web.IndexControllerTest          : Started IndexControllerTest in 2.248 seconds (JVM running for 11.143)
2021-01-11 11:15:14.524  INFO 17792 --- [o-auto-1-exec-1] o.a.c.c.C.[Tomcat].[localhost].[/]       : Initializing Spring DispatcherServlet 'dispatcherServlet'
2021-01-11 11:15:14.524  INFO 17792 --- [o-auto-1-exec-1] o.s.web.servlet.DispatcherServlet        : Initializing Servlet 'dispatcherServlet'
2021-01-11 11:15:14.543  INFO 17792 --- [o-auto-1-exec-1] o.s.web.servlet.DispatcherServlet        : Completed initialization in 19 ms
Hibernate: select posts0_.id as id1_0_, posts0_.created_date as created_2_0_, posts0_.modified_date as modified3_0_, posts0_.author as author4_0_, posts0_.content as content5_0_, posts0_.title as title6_0_ from posts posts0_ order by posts0_.id DESC
]]></system-out>
  <system-err><![CDATA[]]></system-err>
</testsuite>
