<?xml version="1.0" encoding="UTF-8"?>
<testsuite name="com.jojoldu.book.springboot.web.HelloControllerTest" tests="2" skipped="0" failures="0" errors="0" timestamp="2021-01-11T02:15:12" hostname="DESKTOP-CQ5KKE8" time="0.148">
  <properties/>
  <testcase name="hello가_리턴된다" classname="com.jojoldu.book.springboot.web.HelloControllerTest" time="0.063"/>
  <testcase name="helloDto가_리턴된다" classname="com.jojoldu.book.springboot.web.HelloControllerTest" time="0.084"/>
  <system-out><![CDATA[2021-01-11 11:15:11.062  INFO 17792 --- [    Test worker] .b.t.a.w.s.WebMvcTestContextBootstrapper : Neither @ContextConfiguration nor @ContextHierarchy found for test class [com.jojoldu.book.springboot.web.HelloControllerTest], using SpringBootContextLoader
2021-01-11 11:15:11.063  INFO 17792 --- [    Test worker] o.s.t.c.support.AbstractContextLoader    : Could not detect default resource locations for test class [com.jojoldu.book.springboot.web.HelloControllerTest]: no resource found for suffixes {-context.xml, Context.groovy}.
2021-01-11 11:15:11.063  INFO 17792 --- [    Test worker] t.c.s.AnnotationConfigContextLoaderUtils : Could not detect default configuration classes for test class [com.jojoldu.book.springboot.web.HelloControllerTest]: HelloControllerTest does not declare any static, non-private, non-final, nested classes annotated with @Configuration.
2021-01-11 11:15:11.088  INFO 17792 --- [    Test worker] .b.t.c.SpringBootTestContextBootstrapper : Found @SpringBootConfiguration com.jojoldu.book.springboot.Application for test class com.jojoldu.book.springboot.web.HelloControllerTest
2021-01-11 11:15:11.088  INFO 17792 --- [    Test worker] .b.t.a.w.s.WebMvcTestContextBootstrapper : Loaded default TestExecutionListener class names from location [META-INF/spring.factories]: [org.springframework.security.test.context.support.WithSecurityContextTestExecutionListener, org.springframework.security.test.context.support.ReactorContextTestExecutionListener, org.springframework.boot.test.autoconfigure.restdocs.RestDocsTestExecutionListener, org.springframework.boot.test.autoconfigure.web.client.MockRestServiceServerResetTestExecutionListener, org.springframework.boot.test.autoconfigure.web.servlet.MockMvcPrintOnlyOnFailureTestExecutionListener, org.springframework.boot.test.autoconfigure.web.servlet.WebDriverTestExecutionListener, org.springframework.boot.test.mock.mockito.MockitoTestExecutionListener, org.springframework.boot.test.mock.mockito.ResetMocksTestExecutionListener, org.springframework.test.context.web.ServletTestExecutionListener, org.springframework.test.context.support.DirtiesContextBeforeModesTestExecutionListener, org.springframework.test.context.support.DependencyInjectionTestExecutionListener, org.springframework.test.context.support.DirtiesContextTestExecutionListener, org.springframework.test.context.transaction.TransactionalTestExecutionListener, org.springframework.test.context.jdbc.SqlScriptsTestExecutionListener]
2021-01-11 11:15:11.089  INFO 17792 --- [    Test worker] .b.t.a.w.s.WebMvcTestContextBootstrapper : Using TestExecutionListeners: [org.springframework.test.context.web.ServletTestExecutionListener@66939bfc, org.springframework.test.context.support.DirtiesContextBeforeModesTestExecutionListener@480ca288, org.springframework.boot.test.mock.mockito.MockitoTestExecutionListener@67d69a6b, org.springframework.boot.test.autoconfigure.SpringBootDependencyInjectionTestExecutionListener@2055573f, org.springframework.test.context.support.DirtiesContextTestExecutionListener@5a6364b2, org.springframework.test.context.transaction.TransactionalTestExecutionListener@77d69594, org.springframework.test.context.jdbc.SqlScriptsTestExecutionListener@24004cc7, org.springframework.security.test.context.support.WithSecurityContextTestExecutionListener@2e660bd7, org.springframework.security.test.context.support.ReactorContextTestExecutionListener@6f61ac5d, org.springframework.boot.test.autoconfigure.restdocs.RestDocsTestExecutionListener@2c58fe10, org.springframework.boot.test.autoconfigure.web.client.MockRestServiceServerResetTestExecutionListener@a18f928, org.springframework.boot.test.autoconfigure.web.servlet.MockMvcPrintOnlyOnFailureTestExecutionListener@14be630f, org.springframework.boot.test.autoconfigure.web.servlet.WebDriverTestExecutionListener@765f2681, org.springframework.boot.test.mock.mockito.ResetMocksTestExecutionListener@1d9cee24]

  .   ____          _            __ _ _
 /\\ / ___'_ __ _ _(_)_ __  __ _ \ \ \ \
( ( )\___ | '_ | '_| | '_ \/ _` | \ \ \ \
 \\/  ___)| |_)| | | | | || (_| |  ) ) ) )
  '  |____| .__|_| |_|_| |_\__, | / / / /
 =========|_|==============|___/=/_/_/_/
 :: Spring Boot ::        (v2.1.7.RELEASE)

2021-01-11 11:15:11.128  INFO 17792 --- [    Test worker] c.j.b.s.web.HelloControllerTest          : Starting HelloControllerTest on DESKTOP-CQ5KKE8 with PID 17792 (started by 아띠 in C:\Users\won68\Documents\GitHub\freelec-springboot2-webservice)
2021-01-11 11:15:11.129  INFO 17792 --- [    Test worker] c.j.b.s.web.HelloControllerTest          : No active profile set, falling back to default profiles: default
2021-01-11 11:15:11.561  INFO 17792 --- [    Test worker] o.s.s.concurrent.ThreadPoolTaskExecutor  : Initializing ExecutorService 'applicationTaskExecutor'
2021-01-11 11:15:11.594  INFO 17792 --- [    Test worker] o.s.b.a.w.s.WelcomePageHandlerMapping    : Adding welcome page template: index
2021-01-11 11:15:11.803  INFO 17792 --- [    Test worker] .s.s.UserDetailsServiceAutoConfiguration : 

Using generated security password: 729b378c-a48c-4332-9fe7-f26eab6825b3

2021-01-11 11:15:11.945  INFO 17792 --- [    Test worker] o.s.s.web.DefaultSecurityFilterChain     : Creating filter chain: any request, [org.springframework.security.web.context.request.async.WebAsyncManagerIntegrationFilter@4b154d51, org.springframework.security.web.context.SecurityContextPersistenceFilter@52c50b5d, org.springframework.security.web.header.HeaderWriterFilter@7c9587c7, org.springframework.security.web.csrf.CsrfFilter@3a4f346c, org.springframework.security.web.authentication.logout.LogoutFilter@e788905, org.springframework.security.web.authentication.UsernamePasswordAuthenticationFilter@14a7c54e, org.springframework.security.web.authentication.ui.DefaultLoginPageGeneratingFilter@12ff91ef, org.springframework.security.web.authentication.ui.DefaultLogoutPageGeneratingFilter@5f27dfae, org.springframework.security.web.authentication.www.BasicAuthenticationFilter@4ae940c0, org.springframework.security.web.savedrequest.RequestCacheAwareFilter@2c53fead, org.springframework.security.web.servletapi.SecurityContextHolderAwareRequestFilter@7ca8ef5f, org.springframework.security.web.authentication.AnonymousAuthenticationFilter@5f487bca, org.springframework.security.web.session.SessionManagementFilter@3f3a206d, org.springframework.security.web.access.ExceptionTranslationFilter@5195efbf, org.springframework.security.web.access.intercept.FilterSecurityInterceptor@e32667e]
2021-01-11 11:15:11.979  INFO 17792 --- [    Test worker] o.s.b.t.m.w.SpringBootMockServletContext : Initializing Spring TestDispatcherServlet ''
2021-01-11 11:15:11.980  INFO 17792 --- [    Test worker] o.s.t.web.servlet.TestDispatcherServlet  : Initializing Servlet ''
2021-01-11 11:15:11.993  INFO 17792 --- [    Test worker] o.s.t.web.servlet.TestDispatcherServlet  : Completed initialization in 13 ms
2021-01-11 11:15:12.021  INFO 17792 --- [    Test worker] c.j.b.s.web.HelloControllerTest          : Started HelloControllerTest in 0.93 seconds (JVM running for 8.727)
]]></system-out>
  <system-err><![CDATA[]]></system-err>
</testsuite>
