<?xml version="1.0" encoding="UTF-8"?>
<testsuite name="com.jojoldu.book.springboot.web.IndexControllerTest" tests="1" skipped="0" failures="0" errors="0" timestamp="2021-01-07T08:27:17" hostname="DESKTOP-CQ5KKE8" time="0.211">
  <properties/>
  <testcase name="메인페이지_로딩" classname="com.jojoldu.book.springboot.web.IndexControllerTest" time="0.211"/>
  <system-out><![CDATA[2021-01-07 17:27:15.385  INFO 7556 --- [    Test worker] .b.t.c.SpringBootTestContextBootstrapper : Neither @ContextConfiguration nor @ContextHierarchy found for test class [com.jojoldu.book.springboot.web.IndexControllerTest], using SpringBootContextLoader
2021-01-07 17:27:15.386  INFO 7556 --- [    Test worker] o.s.t.c.support.AbstractContextLoader    : Could not detect default resource locations for test class [com.jojoldu.book.springboot.web.IndexControllerTest]: no resource found for suffixes {-context.xml, Context.groovy}.
2021-01-07 17:27:15.386  INFO 7556 --- [    Test worker] t.c.s.AnnotationConfigContextLoaderUtils : Could not detect default configuration classes for test class [com.jojoldu.book.springboot.web.IndexControllerTest]: IndexControllerTest does not declare any static, non-private, non-final, nested classes annotated with @Configuration.
2021-01-07 17:27:15.388  INFO 7556 --- [    Test worker] .b.t.c.SpringBootTestContextBootstrapper : Found @SpringBootConfiguration com.jojoldu.book.springboot.Application for test class com.jojoldu.book.springboot.web.IndexControllerTest
2021-01-07 17:27:15.389  INFO 7556 --- [    Test worker] .b.t.c.SpringBootTestContextBootstrapper : Loaded default TestExecutionListener class names from location [META-INF/spring.factories]: [org.springframework.security.test.context.support.WithSecurityContextTestExecutionListener, org.springframework.security.test.context.support.ReactorContextTestExecutionListener, org.springframework.boot.test.autoconfigure.restdocs.RestDocsTestExecutionListener, org.springframework.boot.test.autoconfigure.web.client.MockRestServiceServerResetTestExecutionListener, org.springframework.boot.test.autoconfigure.web.servlet.MockMvcPrintOnlyOnFailureTestExecutionListener, org.springframework.boot.test.autoconfigure.web.servlet.WebDriverTestExecutionListener, org.springframework.boot.test.mock.mockito.MockitoTestExecutionListener, org.springframework.boot.test.mock.mockito.ResetMocksTestExecutionListener, org.springframework.test.context.web.ServletTestExecutionListener, org.springframework.test.context.support.DirtiesContextBeforeModesTestExecutionListener, org.springframework.test.context.support.DependencyInjectionTestExecutionListener, org.springframework.test.context.support.DirtiesContextTestExecutionListener, org.springframework.test.context.transaction.TransactionalTestExecutionListener, org.springframework.test.context.jdbc.SqlScriptsTestExecutionListener]
2021-01-07 17:27:15.391  INFO 7556 --- [    Test worker] .b.t.c.SpringBootTestContextBootstrapper : Using TestExecutionListeners: [org.springframework.test.context.web.ServletTestExecutionListener@6aed0972, org.springframework.test.context.support.DirtiesContextBeforeModesTestExecutionListener@183b9ac, org.springframework.boot.test.mock.mockito.MockitoTestExecutionListener@3dbb323b, org.springframework.boot.test.autoconfigure.SpringBootDependencyInjectionTestExecutionListener@1f92a2b7, org.springframework.test.context.support.DirtiesContextTestExecutionListener@1d369eae, org.springframework.test.context.transaction.TransactionalTestExecutionListener@1e40a7d, org.springframework.test.context.jdbc.SqlScriptsTestExecutionListener@65aada90, org.springframework.security.test.context.support.WithSecurityContextTestExecutionListener@6fa75b88, org.springframework.security.test.context.support.ReactorContextTestExecutionListener@46cd7b3c, org.springframework.boot.test.autoconfigure.restdocs.RestDocsTestExecutionListener@67db367a, org.springframework.boot.test.autoconfigure.web.client.MockRestServiceServerResetTestExecutionListener@54161e4b, org.springframework.boot.test.autoconfigure.web.servlet.MockMvcPrintOnlyOnFailureTestExecutionListener@138645a, org.springframework.boot.test.autoconfigure.web.servlet.WebDriverTestExecutionListener@2c81fbda, org.springframework.boot.test.mock.mockito.ResetMocksTestExecutionListener@125770d6]

  .   ____          _            __ _ _
 /\\ / ___'_ __ _ _(_)_ __  __ _ \ \ \ \
( ( )\___ | '_ | '_| | '_ \/ _` | \ \ \ \
 \\/  ___)| |_)| | | | | || (_| |  ) ) ) )
  '  |____| .__|_| |_|_| |_\__, | / / / /
 =========|_|==============|___/=/_/_/_/
 :: Spring Boot ::        (v2.1.7.RELEASE)

2021-01-07 17:27:15.428  INFO 7556 --- [    Test worker] c.j.b.s.web.IndexControllerTest          : Starting IndexControllerTest on DESKTOP-CQ5KKE8 with PID 7556 (started by 아띠 in C:\Users\won68\Documents\GitHub\freelec-springboot2-webservice)
2021-01-07 17:27:15.428  INFO 7556 --- [    Test worker] c.j.b.s.web.IndexControllerTest          : No active profile set, falling back to default profiles: default
2021-01-07 17:27:15.731  INFO 7556 --- [    Test worker] .s.d.r.c.RepositoryConfigurationDelegate : Bootstrapping Spring Data repositories in DEFAULT mode.
2021-01-07 17:27:15.763  INFO 7556 --- [    Test worker] .s.d.r.c.RepositoryConfigurationDelegate : Finished Spring Data repository scanning in 31ms. Found 2 repository interfaces.
2021-01-07 17:27:15.862  INFO 7556 --- [    Test worker] trationDelegate$BeanPostProcessorChecker : Bean 'org.springframework.transaction.annotation.ProxyTransactionManagementConfiguration' of type [org.springframework.transaction.annotation.ProxyTransactionManagementConfiguration$$EnhancerBySpringCGLIB$$68c1003b] is not eligible for getting processed by all BeanPostProcessors (for example: not eligible for auto-proxying)
2021-01-07 17:27:16.108  INFO 7556 --- [    Test worker] o.s.b.w.embedded.tomcat.TomcatWebServer  : Tomcat initialized with port(s): 0 (http)
2021-01-07 17:27:16.136  INFO 7556 --- [    Test worker] o.apache.catalina.core.StandardService   : Starting service [Tomcat]
2021-01-07 17:27:16.136  INFO 7556 --- [    Test worker] org.apache.catalina.core.StandardEngine  : Starting Servlet engine: [Apache Tomcat/9.0.22]
2021-01-07 17:27:16.320  INFO 7556 --- [    Test worker] o.a.c.c.C.[Tomcat].[localhost].[/]       : Initializing Spring embedded WebApplicationContext
2021-01-07 17:27:16.321  INFO 7556 --- [    Test worker] o.s.web.context.ContextLoader            : Root WebApplicationContext: initialization completed in 884 ms
2021-01-07 17:27:16.533  INFO 7556 --- [    Test worker] com.zaxxer.hikari.HikariDataSource       : HikariPool-2 - Starting...
2021-01-07 17:27:16.534  INFO 7556 --- [    Test worker] com.zaxxer.hikari.HikariDataSource       : HikariPool-2 - Start completed.
2021-01-07 17:27:16.585  INFO 7556 --- [    Test worker] o.hibernate.jpa.internal.util.LogHelper  : HHH000204: Processing PersistenceUnitInfo [
	name: default
	...]
2021-01-07 17:27:16.597  INFO 7556 --- [    Test worker] org.hibernate.dialect.Dialect            : HHH000400: Using dialect: org.hibernate.dialect.MySQL5InnoDBDialect
Hibernate: drop table if exists posts
Hibernate: drop table if exists user
Hibernate: create table posts (id bigint not null auto_increment, created_date datetime, modified_date datetime, author varchar(255), content TEXT not null, title varchar(500) not null, primary key (id)) engine=InnoDB
Hibernate: create table user (id bigint not null auto_increment, created_date datetime, modified_date datetime, email varchar(255) not null, name varchar(255) not null, picture varchar(255), role varchar(255) not null, primary key (id)) engine=InnoDB
2021-01-07 17:27:16.655  INFO 7556 --- [    Test worker] o.h.t.schema.internal.SchemaCreatorImpl  : HHH000476: Executing import script 'org.hibernate.tool.schema.internal.exec.ScriptSourceInputNonExistentImpl@13c17e9d'
2021-01-07 17:27:16.655  INFO 7556 --- [    Test worker] j.LocalContainerEntityManagerFactoryBean : Initialized JPA EntityManagerFactory for persistence unit 'default'
2021-01-07 17:27:17.010  INFO 7556 --- [    Test worker] o.h.h.i.QueryTranslatorFactoryInitiator  : HHH000397: Using ASTQueryTranslatorFactory
2021-01-07 17:27:17.175  INFO 7556 --- [    Test worker] o.s.s.web.DefaultSecurityFilterChain     : Creating filter chain: any request, [org.springframework.security.web.context.request.async.WebAsyncManagerIntegrationFilter@6df8c2ac, org.springframework.security.web.context.SecurityContextPersistenceFilter@327350cc, org.springframework.security.web.header.HeaderWriterFilter@d5acb4f, org.springframework.security.web.authentication.logout.LogoutFilter@5404ffc, org.springframework.security.oauth2.client.web.OAuth2AuthorizationRequestRedirectFilter@399ca3bb, org.springframework.security.oauth2.client.web.OAuth2LoginAuthenticationFilter@55606553, org.springframework.security.web.authentication.ui.DefaultLoginPageGeneratingFilter@2d1d8fa3, org.springframework.security.web.authentication.ui.DefaultLogoutPageGeneratingFilter@20d590ee, org.springframework.security.web.savedrequest.RequestCacheAwareFilter@42d86d8e, org.springframework.security.web.servletapi.SecurityContextHolderAwareRequestFilter@1983c629, org.springframework.security.web.authentication.AnonymousAuthenticationFilter@7c886e34, org.springframework.security.web.session.SessionManagementFilter@552c20ca, org.springframework.security.web.access.ExceptionTranslationFilter@3058006c, org.springframework.security.web.access.intercept.FilterSecurityInterceptor@3c1e2fc2]
2021-01-07 17:27:17.406  INFO 7556 --- [    Test worker] o.s.s.concurrent.ThreadPoolTaskExecutor  : Initializing ExecutorService 'applicationTaskExecutor'
2021-01-07 17:27:17.428  WARN 7556 --- [    Test worker] aWebConfiguration$JpaWebMvcConfiguration : spring.jpa.open-in-view is enabled by default. Therefore, database queries may be performed during view rendering. Explicitly configure spring.jpa.open-in-view to disable this warning
2021-01-07 17:27:17.456  INFO 7556 --- [    Test worker] o.s.b.a.w.s.WelcomePageHandlerMapping    : Adding welcome page template: index
2021-01-07 17:27:17.770  INFO 7556 --- [    Test worker] s.a.ScheduledAnnotationBeanPostProcessor : No TaskScheduler/ScheduledExecutorService bean found for scheduled processing
2021-01-07 17:27:17.794  INFO 7556 --- [    Test worker] o.s.b.w.embedded.tomcat.TomcatWebServer  : Tomcat started on port(s): 1834 (http) with context path ''
2021-01-07 17:27:17.794  INFO 7556 --- [    Test worker] c.j.b.s.web.IndexControllerTest          : Started IndexControllerTest in 2.402 seconds (JVM running for 11.723)
2021-01-07 17:27:17.900  INFO 7556 --- [o-auto-1-exec-1] o.a.c.c.C.[Tomcat].[localhost].[/]       : Initializing Spring DispatcherServlet 'dispatcherServlet'
2021-01-07 17:27:17.900  INFO 7556 --- [o-auto-1-exec-1] o.s.web.servlet.DispatcherServlet        : Initializing Servlet 'dispatcherServlet'
2021-01-07 17:27:17.925  INFO 7556 --- [o-auto-1-exec-1] o.s.web.servlet.DispatcherServlet        : Completed initialization in 25 ms
Hibernate: select posts0_.id as id1_0_, posts0_.created_date as created_2_0_, posts0_.modified_date as modified3_0_, posts0_.author as author4_0_, posts0_.content as content5_0_, posts0_.title as title6_0_ from posts posts0_ order by posts0_.id DESC
]]></system-out>
  <system-err><![CDATA[]]></system-err>
</testsuite>
