<?xml version="1.0" encoding="UTF-8"?>
<testsuite name="com.jojoldu.book.springboot.web.HelloControllerTest" tests="2" skipped="0" failures="0" errors="0" timestamp="2021-01-07T08:27:15" hostname="DESKTOP-CQ5KKE8" time="0.142">
  <properties/>
  <testcase name="hello가_리턴된다" classname="com.jojoldu.book.springboot.web.HelloControllerTest" time="0.065"/>
  <testcase name="helloDto가_리턴된다" classname="com.jojoldu.book.springboot.web.HelloControllerTest" time="0.077"/>
  <system-out><![CDATA[2021-01-07 17:27:14.065  INFO 7556 --- [    Test worker] .b.t.a.w.s.WebMvcTestContextBootstrapper : Neither @ContextConfiguration nor @ContextHierarchy found for test class [com.jojoldu.book.springboot.web.HelloControllerTest], using SpringBootContextLoader
2021-01-07 17:27:14.066  INFO 7556 --- [    Test worker] o.s.t.c.support.AbstractContextLoader    : Could not detect default resource locations for test class [com.jojoldu.book.springboot.web.HelloControllerTest]: no resource found for suffixes {-context.xml, Context.groovy}.
2021-01-07 17:27:14.066  INFO 7556 --- [    Test worker] t.c.s.AnnotationConfigContextLoaderUtils : Could not detect default configuration classes for test class [com.jojoldu.book.springboot.web.HelloControllerTest]: HelloControllerTest does not declare any static, non-private, non-final, nested classes annotated with @Configuration.
2021-01-07 17:27:14.100  INFO 7556 --- [    Test worker] .b.t.c.SpringBootTestContextBootstrapper : Found @SpringBootConfiguration com.jojoldu.book.springboot.Application for test class com.jojoldu.book.springboot.web.HelloControllerTest
2021-01-07 17:27:14.101  INFO 7556 --- [    Test worker] .b.t.a.w.s.WebMvcTestContextBootstrapper : Loaded default TestExecutionListener class names from location [META-INF/spring.factories]: [org.springframework.security.test.context.support.WithSecurityContextTestExecutionListener, org.springframework.security.test.context.support.ReactorContextTestExecutionListener, org.springframework.boot.test.autoconfigure.restdocs.RestDocsTestExecutionListener, org.springframework.boot.test.autoconfigure.web.client.MockRestServiceServerResetTestExecutionListener, org.springframework.boot.test.autoconfigure.web.servlet.MockMvcPrintOnlyOnFailureTestExecutionListener, org.springframework.boot.test.autoconfigure.web.servlet.WebDriverTestExecutionListener, org.springframework.boot.test.mock.mockito.MockitoTestExecutionListener, org.springframework.boot.test.mock.mockito.ResetMocksTestExecutionListener, org.springframework.test.context.web.ServletTestExecutionListener, org.springframework.test.context.support.DirtiesContextBeforeModesTestExecutionListener, org.springframework.test.context.support.DependencyInjectionTestExecutionListener, org.springframework.test.context.support.DirtiesContextTestExecutionListener, org.springframework.test.context.transaction.TransactionalTestExecutionListener, org.springframework.test.context.jdbc.SqlScriptsTestExecutionListener]
2021-01-07 17:27:14.102  INFO 7556 --- [    Test worker] .b.t.a.w.s.WebMvcTestContextBootstrapper : Using TestExecutionListeners: [org.springframework.test.context.web.ServletTestExecutionListener@6a6d44f6, org.springframework.test.context.support.DirtiesContextBeforeModesTestExecutionListener@2c39e7ca, org.springframework.boot.test.mock.mockito.MockitoTestExecutionListener@7e7d2f86, org.springframework.boot.test.autoconfigure.SpringBootDependencyInjectionTestExecutionListener@3e3cc452, org.springframework.test.context.support.DirtiesContextTestExecutionListener@3e766d97, org.springframework.test.context.transaction.TransactionalTestExecutionListener@5d92ca24, org.springframework.test.context.jdbc.SqlScriptsTestExecutionListener@4a84df0f, org.springframework.security.test.context.support.WithSecurityContextTestExecutionListener@12c29c59, org.springframework.security.test.context.support.ReactorContextTestExecutionListener@1fd55143, org.springframework.boot.test.autoconfigure.restdocs.RestDocsTestExecutionListener@54dd7b77, org.springframework.boot.test.autoconfigure.web.client.MockRestServiceServerResetTestExecutionListener@38cdba44, org.springframework.boot.test.autoconfigure.web.servlet.MockMvcPrintOnlyOnFailureTestExecutionListener@3eebd950, org.springframework.boot.test.autoconfigure.web.servlet.WebDriverTestExecutionListener@b01d887, org.springframework.boot.test.mock.mockito.ResetMocksTestExecutionListener@34381c53]

  .   ____          _            __ _ _
 /\\ / ___'_ __ _ _(_)_ __  __ _ \ \ \ \
( ( )\___ | '_ | '_| | '_ \/ _` | \ \ \ \
 \\/  ___)| |_)| | | | | || (_| |  ) ) ) )
  '  |____| .__|_| |_|_| |_\__, | / / / /
 =========|_|==============|___/=/_/_/_/
 :: Spring Boot ::        (v2.1.7.RELEASE)

2021-01-07 17:27:14.146  INFO 7556 --- [    Test worker] c.j.b.s.web.HelloControllerTest          : Starting HelloControllerTest on DESKTOP-CQ5KKE8 with PID 7556 (started by 아띠 in C:\Users\won68\Documents\GitHub\freelec-springboot2-webservice)
2021-01-07 17:27:14.147  INFO 7556 --- [    Test worker] c.j.b.s.web.HelloControllerTest          : No active profile set, falling back to default profiles: default
2021-01-07 17:27:14.710  INFO 7556 --- [    Test worker] o.s.s.concurrent.ThreadPoolTaskExecutor  : Initializing ExecutorService 'applicationTaskExecutor'
2021-01-07 17:27:14.762  INFO 7556 --- [    Test worker] o.s.b.a.w.s.WelcomePageHandlerMapping    : Adding welcome page template: index
2021-01-07 17:27:14.975  INFO 7556 --- [    Test worker] .s.s.UserDetailsServiceAutoConfiguration : 

Using generated security password: e75c8b1a-3e56-4d37-b4ab-e74896fade48

2021-01-07 17:27:15.158  INFO 7556 --- [    Test worker] o.s.s.web.DefaultSecurityFilterChain     : Creating filter chain: any request, [org.springframework.security.web.context.request.async.WebAsyncManagerIntegrationFilter@7b753e9e, org.springframework.security.web.context.SecurityContextPersistenceFilter@7e9aaeb2, org.springframework.security.web.header.HeaderWriterFilter@44e5b57d, org.springframework.security.web.csrf.CsrfFilter@b9f7ec8, org.springframework.security.web.authentication.logout.LogoutFilter@37612808, org.springframework.security.web.authentication.UsernamePasswordAuthenticationFilter@4a3217cd, org.springframework.security.web.authentication.ui.DefaultLoginPageGeneratingFilter@24f9a7b4, org.springframework.security.web.authentication.ui.DefaultLogoutPageGeneratingFilter@7e49efb6, org.springframework.security.web.authentication.www.BasicAuthenticationFilter@10e4f341, org.springframework.security.web.savedrequest.RequestCacheAwareFilter@1ea147f5, org.springframework.security.web.servletapi.SecurityContextHolderAwareRequestFilter@77864701, org.springframework.security.web.authentication.AnonymousAuthenticationFilter@490065c5, org.springframework.security.web.session.SessionManagementFilter@34fcea17, org.springframework.security.web.access.ExceptionTranslationFilter@73726539, org.springframework.security.web.access.intercept.FilterSecurityInterceptor@77c250a8]
2021-01-07 17:27:15.194  INFO 7556 --- [    Test worker] o.s.b.t.m.w.SpringBootMockServletContext : Initializing Spring TestDispatcherServlet ''
2021-01-07 17:27:15.194  INFO 7556 --- [    Test worker] o.s.t.web.servlet.TestDispatcherServlet  : Initializing Servlet ''
2021-01-07 17:27:15.209  INFO 7556 --- [    Test worker] o.s.t.web.servlet.TestDispatcherServlet  : Completed initialization in 15 ms
2021-01-07 17:27:15.237  INFO 7556 --- [    Test worker] c.j.b.s.web.HelloControllerTest          : Started HelloControllerTest in 1.133 seconds (JVM running for 9.166)
]]></system-out>
  <system-err><![CDATA[]]></system-err>
</testsuite>
