<?xml version="1.0" encoding="UTF-8"?>
<testsuite name="com.jojoldu.book.springboot.web.HelloControllerTest" tests="2" skipped="0" failures="0" errors="0" timestamp="2021-01-10T11:19:11" hostname="DESKTOP-CQ5KKE8" time="0.175">
  <properties/>
  <testcase name="hello가_리턴된다" classname="com.jojoldu.book.springboot.web.HelloControllerTest" time="0.077"/>
  <testcase name="helloDto가_리턴된다" classname="com.jojoldu.book.springboot.web.HelloControllerTest" time="0.097"/>
  <system-out><![CDATA[2021-01-10 20:19:10.906  INFO 12464 --- [    Test worker] .b.t.a.w.s.WebMvcTestContextBootstrapper : Neither @ContextConfiguration nor @ContextHierarchy found for test class [com.jojoldu.book.springboot.web.HelloControllerTest], using SpringBootContextLoader
2021-01-10 20:19:10.907  INFO 12464 --- [    Test worker] o.s.t.c.support.AbstractContextLoader    : Could not detect default resource locations for test class [com.jojoldu.book.springboot.web.HelloControllerTest]: no resource found for suffixes {-context.xml, Context.groovy}.
2021-01-10 20:19:10.908  INFO 12464 --- [    Test worker] t.c.s.AnnotationConfigContextLoaderUtils : Could not detect default configuration classes for test class [com.jojoldu.book.springboot.web.HelloControllerTest]: HelloControllerTest does not declare any static, non-private, non-final, nested classes annotated with @Configuration.
2021-01-10 20:19:10.940  INFO 12464 --- [    Test worker] .b.t.c.SpringBootTestContextBootstrapper : Found @SpringBootConfiguration com.jojoldu.book.springboot.Application for test class com.jojoldu.book.springboot.web.HelloControllerTest
2021-01-10 20:19:10.940  INFO 12464 --- [    Test worker] .b.t.a.w.s.WebMvcTestContextBootstrapper : Loaded default TestExecutionListener class names from location [META-INF/spring.factories]: [org.springframework.security.test.context.support.WithSecurityContextTestExecutionListener, org.springframework.security.test.context.support.ReactorContextTestExecutionListener, org.springframework.boot.test.autoconfigure.restdocs.RestDocsTestExecutionListener, org.springframework.boot.test.autoconfigure.web.client.MockRestServiceServerResetTestExecutionListener, org.springframework.boot.test.autoconfigure.web.servlet.MockMvcPrintOnlyOnFailureTestExecutionListener, org.springframework.boot.test.autoconfigure.web.servlet.WebDriverTestExecutionListener, org.springframework.boot.test.mock.mockito.MockitoTestExecutionListener, org.springframework.boot.test.mock.mockito.ResetMocksTestExecutionListener, org.springframework.test.context.web.ServletTestExecutionListener, org.springframework.test.context.support.DirtiesContextBeforeModesTestExecutionListener, org.springframework.test.context.support.DependencyInjectionTestExecutionListener, org.springframework.test.context.support.DirtiesContextTestExecutionListener, org.springframework.test.context.transaction.TransactionalTestExecutionListener, org.springframework.test.context.jdbc.SqlScriptsTestExecutionListener]
2021-01-10 20:19:10.941  INFO 12464 --- [    Test worker] .b.t.a.w.s.WebMvcTestContextBootstrapper : Using TestExecutionListeners: [org.springframework.test.context.web.ServletTestExecutionListener@7d5f3236, org.springframework.test.context.support.DirtiesContextBeforeModesTestExecutionListener@7cdf654d, org.springframework.boot.test.mock.mockito.MockitoTestExecutionListener@f7a1d7a, org.springframework.boot.test.autoconfigure.SpringBootDependencyInjectionTestExecutionListener@55411372, org.springframework.test.context.support.DirtiesContextTestExecutionListener@510b556e, org.springframework.test.context.transaction.TransactionalTestExecutionListener@5679b70f, org.springframework.test.context.jdbc.SqlScriptsTestExecutionListener@937e177, org.springframework.security.test.context.support.WithSecurityContextTestExecutionListener@54b0a9a0, org.springframework.security.test.context.support.ReactorContextTestExecutionListener@5f9b367d, org.springframework.boot.test.autoconfigure.restdocs.RestDocsTestExecutionListener@44c1334e, org.springframework.boot.test.autoconfigure.web.client.MockRestServiceServerResetTestExecutionListener@72cb4ef8, org.springframework.boot.test.autoconfigure.web.servlet.MockMvcPrintOnlyOnFailureTestExecutionListener@236704a8, org.springframework.boot.test.autoconfigure.web.servlet.WebDriverTestExecutionListener@25c9e667, org.springframework.boot.test.mock.mockito.ResetMocksTestExecutionListener@685ffad3]

  .   ____          _            __ _ _
 /\\ / ___'_ __ _ _(_)_ __  __ _ \ \ \ \
( ( )\___ | '_ | '_| | '_ \/ _` | \ \ \ \
 \\/  ___)| |_)| | | | | || (_| |  ) ) ) )
  '  |____| .__|_| |_|_| |_\__, | / / / /
 =========|_|==============|___/=/_/_/_/
 :: Spring Boot ::        (v2.1.7.RELEASE)

2021-01-10 20:19:10.988  INFO 12464 --- [    Test worker] c.j.b.s.web.HelloControllerTest          : Starting HelloControllerTest on DESKTOP-CQ5KKE8 with PID 12464 (started by 아띠 in C:\Users\won68\Documents\GitHub\freelec-springboot2-webservice)
2021-01-10 20:19:10.989  INFO 12464 --- [    Test worker] c.j.b.s.web.HelloControllerTest          : No active profile set, falling back to default profiles: default
2021-01-10 20:19:11.455  INFO 12464 --- [    Test worker] o.s.s.concurrent.ThreadPoolTaskExecutor  : Initializing ExecutorService 'applicationTaskExecutor'
2021-01-10 20:19:11.485  INFO 12464 --- [    Test worker] o.s.b.a.w.s.WelcomePageHandlerMapping    : Adding welcome page template: index
2021-01-10 20:19:11.704  INFO 12464 --- [    Test worker] .s.s.UserDetailsServiceAutoConfiguration : 

Using generated security password: 68948b64-6b73-4672-9e3c-c320a2356e6a

2021-01-10 20:19:11.863  INFO 12464 --- [    Test worker] o.s.s.web.DefaultSecurityFilterChain     : Creating filter chain: any request, [org.springframework.security.web.context.request.async.WebAsyncManagerIntegrationFilter@2a65e1f7, org.springframework.security.web.context.SecurityContextPersistenceFilter@7fbd6e56, org.springframework.security.web.header.HeaderWriterFilter@4d463bd2, org.springframework.security.web.csrf.CsrfFilter@33ac2e4f, org.springframework.security.web.authentication.logout.LogoutFilter@4dbed5c2, org.springframework.security.web.authentication.UsernamePasswordAuthenticationFilter@6ec3e6e1, org.springframework.security.web.authentication.ui.DefaultLoginPageGeneratingFilter@d709eb4, org.springframework.security.web.authentication.ui.DefaultLogoutPageGeneratingFilter@14754a14, org.springframework.security.web.authentication.www.BasicAuthenticationFilter@31051572, org.springframework.security.web.savedrequest.RequestCacheAwareFilter@3b479990, org.springframework.security.web.servletapi.SecurityContextHolderAwareRequestFilter@4723bd81, org.springframework.security.web.authentication.AnonymousAuthenticationFilter@d42636d, org.springframework.security.web.session.SessionManagementFilter@1fcaaa63, org.springframework.security.web.access.ExceptionTranslationFilter@2fcd6e67, org.springframework.security.web.access.intercept.FilterSecurityInterceptor@42247089]
2021-01-10 20:19:11.901  INFO 12464 --- [    Test worker] o.s.b.t.m.w.SpringBootMockServletContext : Initializing Spring TestDispatcherServlet ''
2021-01-10 20:19:11.901  INFO 12464 --- [    Test worker] o.s.t.web.servlet.TestDispatcherServlet  : Initializing Servlet ''
2021-01-10 20:19:11.914  INFO 12464 --- [    Test worker] o.s.t.web.servlet.TestDispatcherServlet  : Completed initialization in 13 ms
2021-01-10 20:19:11.942  INFO 12464 --- [    Test worker] c.j.b.s.web.HelloControllerTest          : Started HelloControllerTest in 0.998 seconds (JVM running for 10.613)
]]></system-out>
  <system-err><![CDATA[]]></system-err>
</testsuite>
