<?xml version="1.0" encoding="UTF-8"?>
<testsuite name="com.jojoldu.book.springboot.web.HelloControllerTest" tests="2" skipped="0" failures="0" errors="0" timestamp="2021-01-08T07:39:21" hostname="DESKTOP-CQ5KKE8" time="0.197">
  <properties/>
  <testcase name="hello가_리턴된다" classname="com.jojoldu.book.springboot.web.HelloControllerTest" time="0.067"/>
  <testcase name="helloDto가_리턴된다" classname="com.jojoldu.book.springboot.web.HelloControllerTest" time="0.129"/>
  <system-out><![CDATA[2021-01-08 16:39:20.067  INFO 18032 --- [    Test worker] .b.t.a.w.s.WebMvcTestContextBootstrapper : Neither @ContextConfiguration nor @ContextHierarchy found for test class [com.jojoldu.book.springboot.web.HelloControllerTest], using SpringBootContextLoader
2021-01-08 16:39:20.068  INFO 18032 --- [    Test worker] o.s.t.c.support.AbstractContextLoader    : Could not detect default resource locations for test class [com.jojoldu.book.springboot.web.HelloControllerTest]: no resource found for suffixes {-context.xml, Context.groovy}.
2021-01-08 16:39:20.068  INFO 18032 --- [    Test worker] t.c.s.AnnotationConfigContextLoaderUtils : Could not detect default configuration classes for test class [com.jojoldu.book.springboot.web.HelloControllerTest]: HelloControllerTest does not declare any static, non-private, non-final, nested classes annotated with @Configuration.
2021-01-08 16:39:20.096  INFO 18032 --- [    Test worker] .b.t.c.SpringBootTestContextBootstrapper : Found @SpringBootConfiguration com.jojoldu.book.springboot.Application for test class com.jojoldu.book.springboot.web.HelloControllerTest
2021-01-08 16:39:20.097  INFO 18032 --- [    Test worker] .b.t.a.w.s.WebMvcTestContextBootstrapper : Loaded default TestExecutionListener class names from location [META-INF/spring.factories]: [org.springframework.security.test.context.support.WithSecurityContextTestExecutionListener, org.springframework.security.test.context.support.ReactorContextTestExecutionListener, org.springframework.boot.test.autoconfigure.restdocs.RestDocsTestExecutionListener, org.springframework.boot.test.autoconfigure.web.client.MockRestServiceServerResetTestExecutionListener, org.springframework.boot.test.autoconfigure.web.servlet.MockMvcPrintOnlyOnFailureTestExecutionListener, org.springframework.boot.test.autoconfigure.web.servlet.WebDriverTestExecutionListener, org.springframework.boot.test.mock.mockito.MockitoTestExecutionListener, org.springframework.boot.test.mock.mockito.ResetMocksTestExecutionListener, org.springframework.test.context.web.ServletTestExecutionListener, org.springframework.test.context.support.DirtiesContextBeforeModesTestExecutionListener, org.springframework.test.context.support.DependencyInjectionTestExecutionListener, org.springframework.test.context.support.DirtiesContextTestExecutionListener, org.springframework.test.context.transaction.TransactionalTestExecutionListener, org.springframework.test.context.jdbc.SqlScriptsTestExecutionListener]
2021-01-08 16:39:20.098  INFO 18032 --- [    Test worker] .b.t.a.w.s.WebMvcTestContextBootstrapper : Using TestExecutionListeners: [org.springframework.test.context.web.ServletTestExecutionListener@405499c2, org.springframework.test.context.support.DirtiesContextBeforeModesTestExecutionListener@f47f26d, org.springframework.boot.test.mock.mockito.MockitoTestExecutionListener@210fe247, org.springframework.boot.test.autoconfigure.SpringBootDependencyInjectionTestExecutionListener@60b4d4cd, org.springframework.test.context.support.DirtiesContextTestExecutionListener@44adb90, org.springframework.test.context.transaction.TransactionalTestExecutionListener@342e85ee, org.springframework.test.context.jdbc.SqlScriptsTestExecutionListener@6a6d44f6, org.springframework.security.test.context.support.WithSecurityContextTestExecutionListener@2c39e7ca, org.springframework.security.test.context.support.ReactorContextTestExecutionListener@7e7d2f86, org.springframework.boot.test.autoconfigure.restdocs.RestDocsTestExecutionListener@3e3cc452, org.springframework.boot.test.autoconfigure.web.client.MockRestServiceServerResetTestExecutionListener@3e766d97, org.springframework.boot.test.autoconfigure.web.servlet.MockMvcPrintOnlyOnFailureTestExecutionListener@5d92ca24, org.springframework.boot.test.autoconfigure.web.servlet.WebDriverTestExecutionListener@4a84df0f, org.springframework.boot.test.mock.mockito.ResetMocksTestExecutionListener@12c29c59]

  .   ____          _            __ _ _
 /\\ / ___'_ __ _ _(_)_ __  __ _ \ \ \ \
( ( )\___ | '_ | '_| | '_ \/ _` | \ \ \ \
 \\/  ___)| |_)| | | | | || (_| |  ) ) ) )
  '  |____| .__|_| |_|_| |_\__, | / / / /
 =========|_|==============|___/=/_/_/_/
 :: Spring Boot ::        (v2.1.7.RELEASE)

2021-01-08 16:39:20.142  INFO 18032 --- [    Test worker] c.j.b.s.web.HelloControllerTest          : Starting HelloControllerTest on DESKTOP-CQ5KKE8 with PID 18032 (started by 아띠 in C:\Users\won68\Documents\GitHub\freelec-springboot2-webservice)
2021-01-08 16:39:20.143  INFO 18032 --- [    Test worker] c.j.b.s.web.HelloControllerTest          : No active profile set, falling back to default profiles: default
2021-01-08 16:39:20.566  INFO 18032 --- [    Test worker] o.s.s.concurrent.ThreadPoolTaskExecutor  : Initializing ExecutorService 'applicationTaskExecutor'
2021-01-08 16:39:20.596  INFO 18032 --- [    Test worker] o.s.b.a.w.s.WelcomePageHandlerMapping    : Adding welcome page template: index
2021-01-08 16:39:20.792  INFO 18032 --- [    Test worker] .s.s.UserDetailsServiceAutoConfiguration : 

Using generated security password: 9e5db8ea-5100-408b-a267-a6fca1114f1b

2021-01-08 16:39:20.955  INFO 18032 --- [    Test worker] o.s.s.web.DefaultSecurityFilterChain     : Creating filter chain: any request, [org.springframework.security.web.context.request.async.WebAsyncManagerIntegrationFilter@27e6ba12, org.springframework.security.web.context.SecurityContextPersistenceFilter@156cec4, org.springframework.security.web.header.HeaderWriterFilter@426a3798, org.springframework.security.web.csrf.CsrfFilter@56806c04, org.springframework.security.web.authentication.logout.LogoutFilter@1ea147f5, org.springframework.security.web.authentication.UsernamePasswordAuthenticationFilter@5e4ce072, org.springframework.security.web.authentication.ui.DefaultLoginPageGeneratingFilter@73726539, org.springframework.security.web.authentication.ui.DefaultLogoutPageGeneratingFilter@7d305d5c, org.springframework.security.web.authentication.www.BasicAuthenticationFilter@633f2b6e, org.springframework.security.web.savedrequest.RequestCacheAwareFilter@b9f7ec8, org.springframework.security.web.servletapi.SecurityContextHolderAwareRequestFilter@18da4ed4, org.springframework.security.web.authentication.AnonymousAuthenticationFilter@674e7dcf, org.springframework.security.web.session.SessionManagementFilter@175f839d, org.springframework.security.web.access.ExceptionTranslationFilter@609d5bd5, org.springframework.security.web.access.intercept.FilterSecurityInterceptor@1b37025a]
2021-01-08 16:39:20.988  INFO 18032 --- [    Test worker] o.s.b.t.m.w.SpringBootMockServletContext : Initializing Spring TestDispatcherServlet ''
2021-01-08 16:39:20.988  INFO 18032 --- [    Test worker] o.s.t.web.servlet.TestDispatcherServlet  : Initializing Servlet ''
2021-01-08 16:39:21.002  INFO 18032 --- [    Test worker] o.s.t.web.servlet.TestDispatcherServlet  : Completed initialization in 14 ms
2021-01-08 16:39:21.028  INFO 18032 --- [    Test worker] c.j.b.s.web.HelloControllerTest          : Started HelloControllerTest in 0.927 seconds (JVM running for 9.188)
]]></system-out>
  <system-err><![CDATA[]]></system-err>
</testsuite>
