<?xml version="1.0" encoding="UTF-8"?>
<testsuite name="com.jojoldu.book.springboot.web.ProfileControllerTest" tests="1" skipped="0" failures="0" errors="0" timestamp="2021-01-11T02:15:14" hostname="DESKTOP-CQ5KKE8" time="0.019">
  <properties/>
  <testcase name="profile은_인증없이_호출된다" classname="com.jojoldu.book.springboot.web.ProfileControllerTest" time="0.019"/>
  <system-out><![CDATA[2021-01-11 11:15:14.748  INFO 17792 --- [    Test worker] .b.t.c.SpringBootTestContextBootstrapper : Neither @ContextConfiguration nor @ContextHierarchy found for test class [com.jojoldu.book.springboot.web.ProfileControllerTest], using SpringBootContextLoader
2021-01-11 11:15:14.749  INFO 17792 --- [    Test worker] o.s.t.c.support.AbstractContextLoader    : Could not detect default resource locations for test class [com.jojoldu.book.springboot.web.ProfileControllerTest]: no resource found for suffixes {-context.xml, Context.groovy}.
2021-01-11 11:15:14.750  INFO 17792 --- [    Test worker] t.c.s.AnnotationConfigContextLoaderUtils : Could not detect default configuration classes for test class [com.jojoldu.book.springboot.web.ProfileControllerTest]: ProfileControllerTest does not declare any static, non-private, non-final, nested classes annotated with @Configuration.
2021-01-11 11:15:14.752  INFO 17792 --- [    Test worker] .b.t.c.SpringBootTestContextBootstrapper : Found @SpringBootConfiguration com.jojoldu.book.springboot.Application for test class com.jojoldu.book.springboot.web.ProfileControllerTest
2021-01-11 11:15:14.755  INFO 17792 --- [    Test worker] .b.t.c.SpringBootTestContextBootstrapper : Loaded default TestExecutionListener class names from location [META-INF/spring.factories]: [org.springframework.security.test.context.support.WithSecurityContextTestExecutionListener, org.springframework.security.test.context.support.ReactorContextTestExecutionListener, org.springframework.boot.test.autoconfigure.restdocs.RestDocsTestExecutionListener, org.springframework.boot.test.autoconfigure.web.client.MockRestServiceServerResetTestExecutionListener, org.springframework.boot.test.autoconfigure.web.servlet.MockMvcPrintOnlyOnFailureTestExecutionListener, org.springframework.boot.test.autoconfigure.web.servlet.WebDriverTestExecutionListener, org.springframework.boot.test.mock.mockito.MockitoTestExecutionListener, org.springframework.boot.test.mock.mockito.ResetMocksTestExecutionListener, org.springframework.test.context.web.ServletTestExecutionListener, org.springframework.test.context.support.DirtiesContextBeforeModesTestExecutionListener, org.springframework.test.context.support.DependencyInjectionTestExecutionListener, org.springframework.test.context.support.DirtiesContextTestExecutionListener, org.springframework.test.context.transaction.TransactionalTestExecutionListener, org.springframework.test.context.jdbc.SqlScriptsTestExecutionListener]
2021-01-11 11:15:14.756  INFO 17792 --- [    Test worker] .b.t.c.SpringBootTestContextBootstrapper : Using TestExecutionListeners: [org.springframework.test.context.web.ServletTestExecutionListener@286b4a9b, org.springframework.test.context.support.DirtiesContextBeforeModesTestExecutionListener@535e12a3, org.springframework.boot.test.mock.mockito.MockitoTestExecutionListener@4663881, org.springframework.boot.test.autoconfigure.SpringBootDependencyInjectionTestExecutionListener@621f8a56, org.springframework.test.context.support.DirtiesContextTestExecutionListener@10d23b1c, org.springframework.test.context.transaction.TransactionalTestExecutionListener@333af8af, org.springframework.test.context.jdbc.SqlScriptsTestExecutionListener@6ad6c79, org.springframework.security.test.context.support.WithSecurityContextTestExecutionListener@18fe1bc0, org.springframework.security.test.context.support.ReactorContextTestExecutionListener@1975c918, org.springframework.boot.test.autoconfigure.restdocs.RestDocsTestExecutionListener@7d6ea519, org.springframework.boot.test.autoconfigure.web.client.MockRestServiceServerResetTestExecutionListener@10cdc069, org.springframework.boot.test.autoconfigure.web.servlet.MockMvcPrintOnlyOnFailureTestExecutionListener@7805f9ab, org.springframework.boot.test.autoconfigure.web.servlet.WebDriverTestExecutionListener@4f0fd2ba, org.springframework.boot.test.mock.mockito.ResetMocksTestExecutionListener@4741e02f]
]]></system-out>
  <system-err><![CDATA[]]></system-err>
</testsuite>
